#-----------------------------------------------------------
# Vivado v2019.1 (64-bit)
# SW Build 2552052 on Fri May 24 14:49:42 MDT 2019
# IP Build 2548770 on Fri May 24 18:01:18 MDT 2019
# Start of session at: Mon Oct  7 20:44:24 2024
# Process ID: 16668
# Current directory: D:/minor_project/rev/mux_cog
# Command line: vivado.exe -gui_launcher_event rodinguilauncherevent2792 D:\minor_project\rev\mux_cog\mux_cog.xpr
# Log file: D:/minor_project/rev/mux_cog/vivado.log
# Journal file: D:/minor_project/rev/mux_cog\vivado.jou
#-----------------------------------------------------------
start_gui
open_project D:/minor_project/rev/mux_cog/mux_cog.xpr
Scanning sources...
Finished scanning sources
INFO: [IP_Flow 19-234] Refreshing IP repositories
INFO: [IP_Flow 19-1704] No user IP repositories specified
INFO: [IP_Flow 19-2313] Loaded Vivado IP repository 'E:/vivado/Vivado/2019.1/data/ip'.
open_project: Time (s): cpu = 00:00:04 ; elapsed = 00:00:06 . Memory (MB): peak = 780.633 ; gain = 140.305
update_compile_order -fileset sources_1
synth_design -rtl -name rtl_1
Command: synth_design -rtl -name rtl_1
Starting synth_design
Using part: xc7vx485tffg1157-1
Top: mux
INFO: [Device 21-403] Loading part xc7vx485tffg1157-1
---------------------------------------------------------------------------------
Starting RTL Elaboration : Time (s): cpu = 00:00:02 ; elapsed = 00:00:03 . Memory (MB): peak = 1392.578 ; gain = 177.480
---------------------------------------------------------------------------------
INFO: [Synth 8-6157] synthesizing module 'mux' [D:/minor_project/rev/mux_cog/mux_cog.srcs/sources_1/new/mux.v:3]
INFO: [Synth 8-6157] synthesizing module 'cog' [D:/minor_project/rev/mux_cog/mux_cog.srcs/sources_1/new/cog.v:3]
INFO: [Synth 8-6155] done synthesizing module 'cog' (1#1) [D:/minor_project/rev/mux_cog/mux_cog.srcs/sources_1/new/cog.v:3]
INFO: [Synth 8-6155] done synthesizing module 'mux' (2#1) [D:/minor_project/rev/mux_cog/mux_cog.srcs/sources_1/new/mux.v:3]
---------------------------------------------------------------------------------
Finished RTL Elaboration : Time (s): cpu = 00:00:03 ; elapsed = 00:00:04 . Memory (MB): peak = 1456.996 ; gain = 241.898
---------------------------------------------------------------------------------

Report Check Netlist: 
+------+------------------+-------+---------+-------+------------------+
|      |Item              |Errors |Warnings |Status |Description       |
+------+------------------+-------+---------+-------+------------------+
|1     |multi_driven_nets |      0|        0|Passed |Multi driven nets |
+------+------------------+-------+---------+-------+------------------+
---------------------------------------------------------------------------------
Start Handling Custom Attributes
---------------------------------------------------------------------------------
---------------------------------------------------------------------------------
Finished Handling Custom Attributes : Time (s): cpu = 00:00:03 ; elapsed = 00:00:05 . Memory (MB): peak = 1456.996 ; gain = 241.898
---------------------------------------------------------------------------------
---------------------------------------------------------------------------------
Finished RTL Optimization Phase 1 : Time (s): cpu = 00:00:03 ; elapsed = 00:00:05 . Memory (MB): peak = 1456.996 ; gain = 241.898
---------------------------------------------------------------------------------
INFO: [Project 1-570] Preparing netlist for logic optimization
INFO: [Opt 31-141] Inserted 1 OBUFs to IO ports without IO buffers.

Processing XDC Constraints
Initializing timing engine
Completed Processing XDC Constraints

INFO: [Opt 31-140] Inserted 1 IBUFs to IO ports without IO buffers.
INFO: [Opt 31-138] Pushed 0 inverter(s) to 0 load pin(s).
Netlist sorting complete. Time (s): cpu = 00:00:00 ; elapsed = 00:00:00 . Memory (MB): peak = 1568.988 ; gain = 0.000
INFO: [Project 1-111] Unisim Transformation Summary:
No Unisim elements were transformed.

RTL Elaboration Complete:  : Time (s): cpu = 00:00:07 ; elapsed = 00:00:10 . Memory (MB): peak = 1622.387 ; gain = 407.289
10 Infos, 0 Warnings, 0 Critical Warnings and 0 Errors encountered.
synth_design completed successfully
synth_design: Time (s): cpu = 00:00:12 ; elapsed = 00:00:20 . Memory (MB): peak = 1622.387 ; gain = 800.633
launch_simulation
INFO: [Vivado 12-5682] Launching behavioral simulation in 'D:/minor_project/rev/mux_cog/mux_cog.sim/sim_1/behav/xsim'
INFO: [SIM-utils-51] Simulation object is 'sim_1'
INFO: [SIM-utils-54] Inspecting design source files for 'mux_tb' in fileset 'sim_1'...
INFO: [USF-XSim-97] Finding global include files...
INFO: [USF-XSim-98] Fetching design files from 'sim_1'...
INFO: [USF-XSim-2] XSim::Compile design
INFO: [USF-XSim-61] Executing 'COMPILE and ANALYZE' step in 'D:/minor_project/rev/mux_cog/mux_cog.sim/sim_1/behav/xsim'
"xvlog --incr --relax -prj mux_tb_vlog.prj"
INFO: [USF-XSim-69] 'compile' step finished in '2' seconds
INFO: [USF-XSim-3] XSim::Elaborate design
INFO: [USF-XSim-61] Executing 'ELABORATE' step in 'D:/minor_project/rev/mux_cog/mux_cog.sim/sim_1/behav/xsim'
"xelab -wto c714b2ecac27428bb27c0858d57f9627 --incr --debug typical --relax --mt 2 -L xil_defaultlib -L unisims_ver -L unimacro_ver -L secureip --snapshot mux_tb_behav xil_defaultlib.mux_tb xil_defaultlib.glbl -log elaborate.log"
Vivado Simulator 2019.1
Copyright 1986-1999, 2001-2019 Xilinx, Inc. All Rights Reserved.
Running: E:/vivado/Vivado/2019.1/bin/unwrapped/win64.o/xelab.exe -wto c714b2ecac27428bb27c0858d57f9627 --incr --debug typical --relax --mt 2 -L xil_defaultlib -L unisims_ver -L unimacro_ver -L secureip --snapshot mux_tb_behav xil_defaultlib.mux_tb xil_defaultlib.glbl -log elaborate.log 
Using 2 slave threads.
Starting static elaboration
Completed static elaboration
INFO: [XSIM 43-4323] No Change in HDL. Linking previously generated obj files to create kernel
INFO: [USF-XSim-69] 'elaborate' step finished in '2' seconds
INFO: [USF-XSim-4] XSim::Simulate design
INFO: [USF-XSim-61] Executing 'SIMULATE' step in 'D:/minor_project/rev/mux_cog/mux_cog.sim/sim_1/behav/xsim'
INFO: [USF-XSim-98] *** Running xsim
   with args "mux_tb_behav -key {Behavioral:sim_1:Functional:mux_tb} -tclbatch {mux_tb.tcl} -log {simulate.log}"
INFO: [USF-XSim-8] Loading simulator feature
Vivado Simulator 2019.1
Time resolution is 1 ps
source mux_tb.tcl
# set curr_wave [current_wave_config]
# if { [string length $curr_wave] == 0 } {
#   if { [llength [get_objects]] > 0} {
#     add_wave /
#     set_property needs_save false [current_wave_config]
#   } else {
#      send_msg_id Add_Wave-1 WARNING "No top level signals found. Simulator will start without a wave window. If you want to open a wave window go to 'File->New Waveform Configuration' or type 'create_wave_config' in the TCL console."
#   }
# }
# run 1000ns
At time                    0: D = 000001, S = 000, Y = 1
At time                10000: D = 000010, S = 001, Y = 0
At time                20000: D = 101101, S = 010, Y = 1
At time                30000: D = 001000, S = 011, Y = 0
At time                40000: D = 010000, S = 100, Y = 0
At time                50000: D = 101101, S = 101, Y = 1
At time                60000: D = 111111, S = 110, Y = 1
At time                70000: D = 111111, S = 111, Y = 1
$finish called at time : 80 ns : File "D:/minor_project/rev/mux_cog/mux_cog.srcs/sim_1/new/mux_tb.v" Line 24
INFO: [USF-XSim-96] XSim completed. Design snapshot 'mux_tb_behav' loaded.
INFO: [USF-XSim-97] XSim simulation ran for 1000ns
launch_simulation: Time (s): cpu = 00:00:04 ; elapsed = 00:00:09 . Memory (MB): peak = 1622.387 ; gain = 0.000
close_sim
INFO: [Simtcl 6-16] Simulation closed
launch_simulation
INFO: [Vivado 12-5682] Launching behavioral simulation in 'D:/minor_project/rev/mux_cog/mux_cog.sim/sim_1/behav/xsim'
INFO: [SIM-utils-51] Simulation object is 'sim_1'
INFO: [SIM-utils-54] Inspecting design source files for 'mux_tb' in fileset 'sim_1'...
INFO: [USF-XSim-97] Finding global include files...
INFO: [USF-XSim-98] Fetching design files from 'sim_1'...
INFO: [USF-XSim-2] XSim::Compile design
INFO: [USF-XSim-61] Executing 'COMPILE and ANALYZE' step in 'D:/minor_project/rev/mux_cog/mux_cog.sim/sim_1/behav/xsim'
"xvlog --incr --relax -prj mux_tb_vlog.prj"
INFO: [VRFC 10-2263] Analyzing Verilog file "D:/minor_project/rev/mux_cog/mux_cog.srcs/sources_1/new/cog.v" into library xil_defaultlib
INFO: [VRFC 10-311] analyzing module cog
INFO: [VRFC 10-2263] Analyzing Verilog file "D:/minor_project/rev/mux_cog/mux_cog.srcs/sources_1/new/mux.v" into library xil_defaultlib
INFO: [VRFC 10-311] analyzing module mux
INFO: [VRFC 10-2263] Analyzing Verilog file "D:/minor_project/rev/mux_cog/mux_cog.srcs/sim_1/new/mux_tb.v" into library xil_defaultlib
INFO: [VRFC 10-311] analyzing module mux_tb
INFO: [USF-XSim-69] 'compile' step finished in '2' seconds
INFO: [USF-XSim-3] XSim::Elaborate design
INFO: [USF-XSim-61] Executing 'ELABORATE' step in 'D:/minor_project/rev/mux_cog/mux_cog.sim/sim_1/behav/xsim'
"xelab -wto c714b2ecac27428bb27c0858d57f9627 --incr --debug typical --relax --mt 2 -L xil_defaultlib -L unisims_ver -L unimacro_ver -L secureip --snapshot mux_tb_behav xil_defaultlib.mux_tb xil_defaultlib.glbl -log elaborate.log"
Vivado Simulator 2019.1
Copyright 1986-1999, 2001-2019 Xilinx, Inc. All Rights Reserved.
Running: E:/vivado/Vivado/2019.1/bin/unwrapped/win64.o/xelab.exe -wto c714b2ecac27428bb27c0858d57f9627 --incr --debug typical --relax --mt 2 -L xil_defaultlib -L unisims_ver -L unimacro_ver -L secureip --snapshot mux_tb_behav xil_defaultlib.mux_tb xil_defaultlib.glbl -log elaborate.log 
Using 2 slave threads.
Starting static elaboration
Completed static elaboration
Starting simulation data flow analysis
Completed simulation data flow analysis
Time Resolution for simulation is 1ps
Compiling module xil_defaultlib.cog
Compiling module xil_defaultlib.mux
Compiling module xil_defaultlib.mux_tb
Compiling module xil_defaultlib.glbl
Built simulation snapshot mux_tb_behav

****** Webtalk v2019.1 (64-bit)
  **** SW Build 2552052 on Fri May 24 14:49:42 MDT 2019
  **** IP Build 2548770 on Fri May 24 18:01:18 MDT 2019
    ** Copyright 1986-2019 Xilinx, Inc. All Rights Reserved.

source D:/minor_project/rev/mux_cog/mux_cog.sim/sim_1/behav/xsim/xsim.dir/mux_tb_behav/webtalk/xsim_webtalk.tcl -notrace
INFO: [Common 17-206] Exiting Webtalk at Mon Oct  7 21:15:33 2024...
INFO: [USF-XSim-69] 'elaborate' step finished in '5' seconds
INFO: [USF-XSim-4] XSim::Simulate design
INFO: [USF-XSim-61] Executing 'SIMULATE' step in 'D:/minor_project/rev/mux_cog/mux_cog.sim/sim_1/behav/xsim'
INFO: [USF-XSim-98] *** Running xsim
   with args "mux_tb_behav -key {Behavioral:sim_1:Functional:mux_tb} -tclbatch {mux_tb.tcl} -log {simulate.log}"
INFO: [USF-XSim-8] Loading simulator feature
Vivado Simulator 2019.1
Time resolution is 1 ps
source mux_tb.tcl
# set curr_wave [current_wave_config]
# if { [string length $curr_wave] == 0 } {
#   if { [llength [get_objects]] > 0} {
#     add_wave /
#     set_property needs_save false [current_wave_config]
#   } else {
#      send_msg_id Add_Wave-1 WARNING "No top level signals found. Simulator will start without a wave window. If you want to open a wave window go to 'File->New Waveform Configuration' or type 'create_wave_config' in the TCL console."
#   }
# }
# run 1000ns
At time                    0: D = 000001, S = 000, Y = 1
At time                10000: D = 000010, S = 001, Y = 0
At time                20000: D = 101101, S = 010, Y = 1
At time                30000: D = 001000, S = 011, Y = 0
At time                40000: D = 010000, S = 100, Y = 0
At time                50000: D = 101101, S = 101, Y = 1
At time                60000: D = 111111, S = 110, Y = 1
At time                70000: D = 111111, S = 111, Y = 1
$finish called at time : 80 ns : File "D:/minor_project/rev/mux_cog/mux_cog.srcs/sim_1/new/mux_tb.v" Line 24
INFO: [USF-XSim-96] XSim completed. Design snapshot 'mux_tb_behav' loaded.
INFO: [USF-XSim-97] XSim simulation ran for 1000ns
launch_simulation: Time (s): cpu = 00:00:01 ; elapsed = 00:00:10 . Memory (MB): peak = 1632.938 ; gain = 0.000
close_sim
INFO: [Simtcl 6-16] Simulation closed
exit
INFO: [Common 17-206] Exiting Vivado at Mon Oct  7 21:17:23 2024...
